This is pdfeTeX, Version 3.141592-1.30.4-2.2 (Web2C 7.5.5) (format=latex 2006.4.18)  29 MAR 2007 19:56
entering extended mode
**Introduction.tex
(./Introduction.tex
LaTeX2e <2003/12/01>
Babel <v3.8d> and hyphenation patterns for american, french, german, ngerman, d
utch, italian, norsk, portuges, spanish, swedish, nohyphenation, loaded.
! Undefined control sequence.
l.1 \chapter
            {Introduction}
? 
! Emergency stop.
l.1 \chapter
            {Introduction}
End of file on the terminal!

 
Here is how much of TeX's memory you used:
 5 strings out of 95138
 143 string characters out of 1183036
 2045165 words of memory out of 4500000
 3252 multiletter control sequences out of 10000+50000
 3640 words of font info for 14 fonts, out of 2000000 for 2000
 58 hyphenation exceptions out of 5000
 5i,0n,1p,41b,8s stack positions out of 5000i,500n,6000p,200000b,40000s
No pages of output.
