This is pdfeTeX, Version 3.141592-1.30.4-2.2 (Web2C 7.5.5) (format=pdflatex 2006.4.18)  18 DEC 2006 18:33
entering extended mode
\write18 enabled.
**MyThesis.tex
(./MyThesis.tex
LaTeX2e <2003/12/01>
Babel <v3.8d> and hyphenation patterns for american, french, german, ngerman, d
utch, italian, norsk, portuges, spanish, swedish, nohyphenation, loaded.
(./uwthesis.cls
Document Class: uwthesis 2006/08/02
\tf@not=\write3
(/usr/local/teTeX/share/texmf.tetex/tex/latex/base/book.cls
Document Class: book 2004/02/16 v1.4f Standard LaTeX document class
(/usr/local/teTeX/share/texmf.tetex/tex/latex/base/bk11.clo
File: bk11.clo 2004/02/16 v1.4f Standard LaTeX file (size option)
)
\c@part=\count79
\c@chapter=\count80
\c@section=\count81
\c@subsection=\count82
\c@subsubsection=\count83
\c@paragraph=\count84
\c@subparagraph=\count85
\c@figure=\count86
\c@table=\count87
\abovecaptionskip=\skip41
\belowcaptionskip=\skip42
\bibindent=\dimen102
)
\botmargin=\dimen103
\@@wholepage=\box26

Formatting for twoside printing.
\@Chair=\count88
\@Sign=\count89
) (./MyThesis.aux)
Runaway argument?
{\contentsline {chapter}{\numberline {\@textofChapt 
! File ended while scanning use of \@writefile.
<inserted text> 
                \par 
l.3 \begin{document}
                    
? 
! Emergency stop.
<inserted text> 
                \par 
l.3 \begin{document}
                    
End of file on the terminal!

 
Here is how much of TeX's memory you used:
 336 strings out of 95137
 3655 string characters out of 1183013
 2051530 words of memory out of 4506365
 3570 multiletter control sequences out of 10000+50000
 3940 words of font info for 15 fonts, out of 2000000 for 2000
 58 hyphenation exceptions out of 5000
 27i,0n,21p,191b,36s stack positions out of 5000i,500n,6000p,200000b,40000s
PDF statistics:
 0 PDF objects out of 300000
 0 named destinations out of 131072
 1 words of extra memory for PDF output out of 10000
No pages of output.
