This is pdfeTeX, Version 3.141592-1.30.4-2.2 (Web2C 7.5.5) (format=latex 2006.4.18)  23 APR 2007 19:56
entering extended mode
**uwthesis.tex
(./uwthesis.tex
LaTeX2e <2003/12/01>
Babel <v3.8d> and hyphenation patterns for american, french, german, ngerman, d
utch, italian, norsk, portuges, spanish, swedish, nohyphenation, loaded.
(./uwthesis.cls
Document Class: uwthesis 2006/08/02
\tf@not=\write3
(/usr/local/teTeX/share/texmf.tetex/tex/latex/base/book.cls
Document Class: book 2004/02/16 v1.4f Standard LaTeX document class
(/usr/local/teTeX/share/texmf.tetex/tex/latex/base/bk11.clo
File: bk11.clo 2004/02/16 v1.4f Standard LaTeX file (size option)
)
\c@part=\count79
\c@chapter=\count80
\c@section=\count81
\c@subsection=\count82
\c@subsubsection=\count83
\c@paragraph=\count84
\c@subparagraph=\count85
\c@figure=\count86
\c@table=\count87
\abovecaptionskip=\skip41
\belowcaptionskip=\skip42
\bibindent=\dimen102
)
\botmargin=\dimen103
\@@wholepage=\box26

Formatting for oneside printing.
\@Chair=\count88
\@Sign=\count89
) (/usr/local/teTeX/share/texmf.tetex/tex/latex/graphics/graphicx.sty
Package: graphicx 1999/02/16 v1.0f Enhanced LaTeX Graphics (DPC,SPQR)

(/usr/local/teTeX/share/texmf.tetex/tex/latex/graphics/keyval.sty
Package: keyval 1999/03/16 v1.13 key=value parser (DPC)
\KV@toks@=\toks14
)
(/usr/local/teTeX/share/texmf.tetex/tex/latex/graphics/graphics.sty
Package: graphics 2001/07/07 v1.0n Standard LaTeX Graphics (DPC,SPQR)

(/usr/local/teTeX/share/texmf.tetex/tex/latex/graphics/trig.sty
Package: trig 1999/03/16 v1.09 sin cos tan (DPC)
)
(/usr/local/teTeX/share/texmf.tetex/tex/latex/graphics/graphics.cfg
File: graphics.cfg 2005/02/03 v1.3 graphics configuration of teTeX/TeXLive
)
Package graphics Info: Driver file: dvips.def on input line 80.

(/usr/local/teTeX/share/texmf.tetex/tex/latex/graphics/dvips.def
File: dvips.def 1999/02/16 v3.0i Driver-dependant file (DPC,SPQR)
))
\Gin@req@height=\dimen104
\Gin@req@width=\dimen105
)
(/usr/local/teTeX/share/texmf.tetex/tex/latex/base/latexsym.sty
Package: latexsym 1998/08/17 v2.2e Standard LaTeX package (lasy symbols)
\symlasy=\mathgroup4
LaTeX Font Info:    Overwriting symbol font `lasy' in version `bold'
(Font)                  U/lasy/m/n --> U/lasy/b/n on input line 47.
)
(/usr/local/teTeX/share/texmf.tetex/tex/latex/subfigure/subfigure.sty
Package: subfigure 2002/07/30 v2.1.4 subfigure package
\subfigtopskip=\skip43
\subfigcapskip=\skip44
\subfigcaptopadj=\dimen106
\subfigbottomskip=\skip45
\subfigcapmargin=\dimen107
\subfiglabelskip=\skip46
\c@subfigure=\count90
\c@lofdepth=\count91
\c@subtable=\count92
\c@lotdepth=\count93

****************************************
* Local config file subfigure.cfg used *
****************************************
(/usr/local/teTeX/share/texmf.tetex/tex/latex/subfigure/subfigure.cfg)
\subfig@top=\skip47
\subfig@bottom=\skip48
)
(/usr/local/teTeX/share/texmf.tetex/tex/latex/base/alltt.sty
Package: alltt 1997/06/16 v2.0g defines alltt environment
) (./uwthesis.aux
(./Introduction.aux) (./Theory.aux) (./Detector.aux) (./RecoSimulation.aux)
(./Analysis.aux) (./BackgroundEstimation.aux) (./MatrixElement.aux)
(./SystematicsCrossSection.aux) (./Results.aux) (./Conclusion.aux)
(./MatrixElementCalculations.aux) (./Channels.aux) (./Luminosity.aux)
(./EnsembleGeneration.aux) (./Systematics.aux))
\openout1 = `uwthesis.aux'.

LaTeX Font Info:    Checking defaults for OML/cmm/m/it on input line 81.
LaTeX Font Info:    ... okay on input line 81.
LaTeX Font Info:    Checking defaults for T1/cmr/m/n on input line 81.
LaTeX Font Info:    ... okay on input line 81.
LaTeX Font Info:    Checking defaults for OT1/cmr/m/n on input line 81.
LaTeX Font Info:    ... okay on input line 81.
LaTeX Font Info:    Checking defaults for OMS/cmsy/m/n on input line 81.
LaTeX Font Info:    ... okay on input line 81.
LaTeX Font Info:    Checking defaults for OMX/cmex/m/n on input line 81.
LaTeX Font Info:    ... okay on input line 81.
LaTeX Font Info:    Checking defaults for U/cmr/m/n on input line 81.
LaTeX Font Info:    ... okay on input line 81.
 [1

] [2

] [-1

]
LaTeX Font Info:    External font `cmex10' loaded for size
(Font)              <10.95> on input line 139.
LaTeX Font Info:    External font `cmex10' loaded for size
(Font)              <8> on input line 139.
LaTeX Font Info:    External font `cmex10' loaded for size
(Font)              <6> on input line 139.
LaTeX Font Info:    Try loading font information for U+lasy on input line 139.

(/usr/local/teTeX/share/texmf.tetex/tex/latex/base/ulasy.fd
File: ulasy.fd 1998/08/17 v2.2e LaTeX symbol font definitions
) [0

]
(./uwthesis.toc [1



])
\tf@toc=\write4
\openout4 = `uwthesis.toc'.

 [2] (./uwthesis.lof
Overfull \hbox (8.32779pt too wide) in paragraph at lines 9--9
 [][] []\OT1/cmr/m/n/10.95 A lead-ing or-der Feyn-man di-a-gram for a $\OML/cmm
/m/it/10.95 t$\OT1/cmr/m/n/10.95 -channel-like pro-cess pro-duced through 
 []


Overfull \hbox (3.96388pt too wide) in paragraph at lines 11--11
 [][] []$\OML/cmm/m/it/10.95 p[]$ \OT1/cmr/m/n/10.95 (left) and $\OML/cmm/m/it/
10.95 ^^Q$ \OT1/cmr/m/n/10.95 (right) dis-tri-bu-tions of fi-nal state par-ti-c
les in $\OML/cmm/m/it/10.95 s$\OT1/cmr/m/n/10.95 -channel events [[]]. []  
 []


Overfull \hbox (3.96388pt too wide) in paragraph at lines 12--12
 [][] []$\OML/cmm/m/it/10.95 p[]$ \OT1/cmr/m/n/10.95 (left) and $\OML/cmm/m/it/
10.95 ^^Q$ \OT1/cmr/m/n/10.95 (right) dis-tri-bu-tions of fi-nal state par-ti-c
les in $\OML/cmm/m/it/10.95 s$\OT1/cmr/m/n/10.95 -channel events [[]]. []  
 []

[3

] [4] [5]
Overfull \hbox (6.42035pt too wide) in paragraph at lines 68--68
 \OT1/cmr/m/n/10.95 jets. Left two plots: sig-nals, $\OML/cmm/m/it/10.95 ud[]tb
g$\OT1/cmr/m/n/10.95 , $\OML/cmm/m/it/10.95 ug[]tbd$\OT1/cmr/m/n/10.95 ; right 
plot: background,$\OML/cmm/m/it/10.95 ud[]Wbbg$\OT1/cmr/m/n/10.95 . []  
 []

[6] [7] [8] [9])
\tf@lof=\write5
\openout5 = `uwthesis.lof'.

 [10] (./uwthesis.lot [11

] [12])
\tf@lot=\write6
\openout6 = `uwthesis.lot'.

 [13]
\openout2 = `Introduction.aux'.

 (./Introduction.tex
<<1>>
[1




]
File: eps/Tevatron/TevatronArial.eps Graphic file (type eps)
 <eps/Tevatron/TevatronArial.eps> [2]) [3]
\openout2 = `Theory.aux'.

 (./Theory.tex
<<2>>
[4



]
File: eps/Theory/HiggsPotential.eps Graphic file (type eps)
 <eps/Theory/HiggsPotential.eps> [5]
LaTeX Font Info:    External font `cmex10' loaded for size
(Font)              <9> on input line 58.
LaTeX Font Info:    External font `cmex10' loaded for size
(Font)              <5> on input line 58.
 [6] [7]
File: eps/Theory/TTbar.eps Graphic file (type eps)
 <eps/Theory/TTbar.eps> [8]
File: eps/Theory/schannel.eps Graphic file (type eps)

<eps/Theory/schannel.eps>
File: eps/Theory/tchannel.eps Graphic file (type eps)
 <eps/Theory/tchannel.eps>
Overfull \hbox (21.44312pt too wide) in paragraph at lines 176--184
[][]
 []

[9] [10] [11]
File: eps/Theory/wprime.eps Graphic file (type eps)
 <eps/Theory/wprime.eps>
File: eps/Theory/FCNC.eps Graphic file (type eps)
 <eps/Theory/FCNC.eps> [12] [13]
File: eps/Theory/CTEQ_pdfs.eps Graphic file (type eps)

<eps/Theory/CTEQ_pdfs.eps> [14]
File: eps/Theory/Hist_tb_Pt.eps Graphic file (type eps)
 <eps/Theory/Hist_tb_Pt.eps>
File: eps/Theory/Hist_tb_Eta.eps Graphic file (type eps)

<eps/Theory/Hist_tb_Eta.eps> [15] [16]
File: eps/Theory/Hist_tqb_Pt.eps Graphic file (type eps)
 <eps/Theory/Hist_tqb_Pt.eps>
File: eps/Theory/Hist_tqb_Eta.eps Graphic file (type eps)

<eps/Theory/Hist_tqb_Eta.eps>) [17]
\openout2 = `Detector.aux'.

 (./Detector.tex
<<3>>
File: eps/Tevatron/Tevatron.eps Graphic file (type eps)
<eps/Tevatron/Tevatron.eps> [18



] [19]
File: eps/Tevatron/LINAC.eps Graphic file (type eps)
 <eps/Tevatron/LINAC.eps> [20] [21]
[22]
File: eps/Tevatron/Coordinate.eps Graphic file (type eps)
 <eps/Tevatron/Coordinate.eps> [23] [24]
File: eps/D0/DetectorSlice.eps Graphic file (type eps)
 <eps/D0/DetectorSlice.eps>
File: eps/D0/InnerDetector.eps Graphic file (type eps)

<eps/D0/InnerDetector.eps> [25]
File: eps/D0/SMT.eps Graphic file (type eps)
 <eps/D0/SMT.eps> [26] [27]
File: eps/D0/CFT.eps Graphic file (type eps)
 <eps/D0/CFT.eps>
[28]
File: eps/D0/Calorimeter.eps Graphic file (type eps)
 <eps/D0/Calorimeter.eps> [29]
File: eps/D0/shower.eps Graphic file (type eps)
 <eps/D0/shower.eps> [30]
File: eps/D0/CalorimeterCell.eps Graphic file (type eps)

<eps/D0/CalorimeterCell.eps>
File: eps/D0/CalorimeterSegmentation.eps Graphic file (type eps)
 <eps/D0/CalorimeterSegmentation.eps> [31] [32]
File: eps/D0/Luminosity.eps Graphic file (type eps)

<eps/D0/Luminosity.eps> [33]
File: eps/D0/mudet.eps Graphic file (type eps)
 <eps/D0/mudet.eps> [34] [35]
File: eps/D0/TriggerFlow.eps Graphic file (type eps)

<eps/D0/TriggerFlow.eps> [36] [37]
File: eps/Level3/L3-DAQ.eps Graphic file (type eps)
 <eps/Level3/L3-DAQ.eps>
File: eps/Level3/daq_software.eps Graphic file (type eps)

<eps/Level3/daq_software.eps>) [38] [39]
\openout2 = `RecoSimulation.aux'.

 (./RecoSimulation.tex
<<4>>
[40



] [41]
File: eps/Reco/htf.eps Graphic file (type eps)
 <eps/Reco/htf.eps> [42] [43]
File: eps/Reco/MBP_PV.eps Graphic file (type eps)
 <eps/Reco/MBP_PV.eps>
File: eps/Reco/MBP_MB.eps Graphic file (type eps)

<eps/Reco/MBP_MB.eps> [44] [45] [46] [47]
LaTeX Font Info:    Try loading font information for OMS+cmr on input line 136.


(/usr/local/teTeX/share/texmf.tetex/tex/latex/base/omscmr.fd
File: omscmr.fd 1999/05/25 v2.5h Standard LaTeX font definitions
)
LaTeX Font Info:    Font shape `OMS/cmr/m/n' in size <10.95> not available
(Font)              Font shape `OMS/cmsy/m/n' tried instead on input line 136.
 [48]
File: eps/Reco/jes-offset.eps Graphic file (type eps)

<eps/Reco/jes-offset.eps>
File: eps/Reco/JES-relative-method.eps Graphic file (type eps)
 <eps/Reco/JES-relative-method.eps>
File: eps/Reco/JES-relative.eps Graphic file (type eps)

<eps/Reco/JES-relative.eps> [49] [50]
File: eps/Reco/JES-absolute.eps Graphic file (type eps)
 <eps/Reco/JES-absolute.eps> [51]
File: eps/Reco/JES-shower.eps Graphic file (type eps)

<eps/Reco/JES-shower.eps> [52] [53] [54]
File: eps/Reco/InstanteousLuminosity.eps Graphic file (type eps)
 <eps/Reco/InstanteousLuminosity.eps>
[55] [56]
File: eps/Reco/electron_turn-on_curve_pt.eps Graphic file (type eps)
 <eps/Reco/electron_turn-on_curve_pt.eps>
File: eps/Reco/muon_turn-on_curve_eta.eps Graphic file (type eps)

<eps/Reco/muon_turn-on_curve_eta.eps> [57] [58]
File: eps/Reco/muonreco.eps Graphic file (type eps)
 <eps/Reco/muonreco.eps>
File: eps/Reco/muonrecoscale.eps Graphic file (type eps)

<eps/Reco/muonrecoscale.eps> [59]
File: eps/Reco/muontrack.eps Graphic file (type eps)
 <eps/Reco/muontrack.eps>
File: eps/Reco/muontrackscale.eps Graphic file (type eps)

<eps/Reco/muontrackscale.eps> [60]
File: eps/Reco/muoniso.eps Graphic file (type eps)
 <eps/Reco/muoniso.eps>
File: eps/Reco/muonisoscale.eps Graphic file (type eps)

<eps/Reco/muonisoscale.eps>
File: eps/Reco/Electron_Reco_eff.eps Graphic file (type eps)
 <eps/Reco/Electron_Reco_eff.eps>
File: eps/Reco/Electron_Reco_scale.eps Graphic file (type eps)

<eps/Reco/Electron_Reco_scale.eps>
File: eps/Reco/Electron_Likelihood_eff.eps Graphic file (type eps)
 <eps/Reco/Electron_Likelihood_eff.eps>
File: eps/Reco/Electron_Likelihood_scale.eps Graphic file (type eps)

<eps/Reco/Electron_Likelihood_scale.eps> [61] [62]
File: eps/Reco/PV_Reco.eps Graphic file (type eps)
 <eps/Reco/PV_Reco.eps>
[63]
File: eps/Reco/SSR.eps Graphic file (type eps)
 <eps/Reco/SSR.eps> [64] [65] [66]
File: eps/Systematics/trf_b_0.775_pt.eps Graphic file (type eps)
 <eps/Systematics/trf_b_0.775_pt.eps>
File: eps/Systematics/trf_c_0.775_pt.eps Graphic file (type eps)

<eps/Systematics/trf_c_0.775_pt.eps> [67]
File: eps/Reco/NegativeTag.eps Graphic file (type eps)
 <eps/Reco/NegativeTag.eps>) [68]
\openout2 = `Analysis.aux'.


(./Analysis.tex
<<5>>
[69



] [70] [71] [72] [73] [74]
Overfull \hbox (27.72157pt too wide) in paragraph at lines 191--192
\OT1/cmr/m/n/10.95 Leptons in the event must be con-sis-tent with a $\OML/cmm/m
/it/10.95 W$ \OT1/cmr/m/n/10.95 de-cay thus are re-quired to have []
 []

File: eps/Analysis/LeptonPt.eps Graphic file (type eps)
<eps/Analysis/LeptonPt.eps>
File: eps/Analysis/LeptonEta.eps Graphic file (type eps)
 <eps/Analysis/LeptonEta.eps> [75]
File: eps/Analysis/Jet1Pt.eps Graphic file (type eps)

<eps/Analysis/Jet1Pt.eps>
File: eps/Analysis/Jet1Eta.eps Graphic file (type eps)
 <eps/Analysis/Jet1Eta.eps>
File: eps/Analysis/Jet2Pt.eps Graphic file (type eps)
 <eps/Analysis/Jet2Pt.eps>
File: eps/Analysis/Jet2Eta.eps Graphic file (type eps)

<eps/Analysis/Jet2Eta.eps> [76]
File: eps/Analysis/MissingEt.eps Graphic file (type eps)
 <eps/Analysis/MissingEt.eps> [77]
File: eps/Analysis/PVz.eps Graphic file (type eps)

<eps/Analysis/PVz.eps> [78]
File: eps/Reco/TriangleExample.eps Graphic file (type eps)
 <eps/Reco/TriangleExample.eps>
File: eps/Reco/TriangleExampleSignal.eps Graphic file (type eps)

<eps/Reco/TriangleExampleSignal.eps>) [79] [80]
\openout2 = `BackgroundEstimation.aux'.

 (./BackgroundEstimation.tex
<<6>>
File: eps/Feynman/feynman_Wbbg.eps Graphic file (type eps)
<eps/Feynman/feynman_Wbbg.eps> [81



]
File: eps/Feynman/feynman_ttbar_ljets.eps Graphic file (type eps)
 <eps/Feynman/feynman_ttbar_ljets.eps>
File: eps/Feynman/feynman_bbbar_ljets.eps Graphic file (type eps)

<eps/Feynman/feynman_bbbar_ljets.eps> [82] [83] [84] [85] [86] [87] [88]
[89] [90] [91]
File: eps/DataBackground/alpha.eps Graphic file (type eps)
 <eps/DataBackground/alpha.eps> [92] [93] [94]
File: eps/DataBackground/plot_key.eps Graphic file (type eps)

<eps/DataBackground/plot_key.eps> [95

]
File: eps/DataBackground/EMU/emu_EqZeroTag_EqTwoJet_Jet1Pt.eps Graphic file (ty
pe eps)

<eps/DataBackground/EMU/emu_EqZeroTag_EqTwoJet_Jet1Pt.eps>
File: eps/DataBackground/EMU/emu_EqOneTag_EqTwoJet_Jet1Pt.eps Graphic file (typ
e eps)

<eps/DataBackground/EMU/emu_EqOneTag_EqTwoJet_Jet1Pt.eps>
File: eps/DataBackground/EMU/emu_EqTwoTag_EqTwoJet_Jet1Pt.eps Graphic file (typ
e eps)

<eps/DataBackground/EMU/emu_EqTwoTag_EqTwoJet_Jet1Pt.eps>
File: eps/DataBackground/EMU/emu_EqZeroTag_EqThreeJet_Jet1Pt.eps Graphic file (
type eps)

<eps/DataBackground/EMU/emu_EqZeroTag_EqThreeJet_Jet1Pt.eps>
File: eps/DataBackground/EMU/emu_EqOneTag_EqThreeJet_Jet1Pt.eps Graphic file (t
ype eps)

<eps/DataBackground/EMU/emu_EqOneTag_EqThreeJet_Jet1Pt.eps>
File: eps/DataBackground/EMU/emu_EqTwoTag_EqThreeJet_Jet1Pt.eps Graphic file (t
ype eps)

<eps/DataBackground/EMU/emu_EqTwoTag_EqThreeJet_Jet1Pt.eps>
File: eps/DataBackground/EMU/emu_EqZeroTag_EqFourJet_Jet1Pt.eps Graphic file (t
ype eps)

<eps/DataBackground/EMU/emu_EqZeroTag_EqFourJet_Jet1Pt.eps>
File: eps/DataBackground/EMU/emu_EqOneTag_EqFourJet_Jet1Pt.eps Graphic file (ty
pe eps)

<eps/DataBackground/EMU/emu_EqOneTag_EqFourJet_Jet1Pt.eps>
File: eps/DataBackground/EMU/emu_EqTwoTag_EqFourJet_Jet1Pt.eps Graphic file (ty
pe eps)

<eps/DataBackground/EMU/emu_EqTwoTag_EqFourJet_Jet1Pt.eps> [96

]
File: eps/DataBackground/EMU/emu_EqZeroTag_EqTwoJet_Jet2Pt.eps Graphic file (ty
pe eps)

<eps/DataBackground/EMU/emu_EqZeroTag_EqTwoJet_Jet2Pt.eps>
File: eps/DataBackground/EMU/emu_EqOneTag_EqTwoJet_Jet2Pt.eps Graphic file (typ
e eps)

<eps/DataBackground/EMU/emu_EqOneTag_EqTwoJet_Jet2Pt.eps>
File: eps/DataBackground/EMU/emu_EqTwoTag_EqTwoJet_Jet2Pt.eps Graphic file (typ
e eps)

<eps/DataBackground/EMU/emu_EqTwoTag_EqTwoJet_Jet2Pt.eps>
File: eps/DataBackground/EMU/emu_EqZeroTag_EqThreeJet_Jet2Pt.eps Graphic file (
type eps)

<eps/DataBackground/EMU/emu_EqZeroTag_EqThreeJet_Jet2Pt.eps>
File: eps/DataBackground/EMU/emu_EqOneTag_EqThreeJet_Jet2Pt.eps Graphic file (t
ype eps)

<eps/DataBackground/EMU/emu_EqOneTag_EqThreeJet_Jet2Pt.eps>
File: eps/DataBackground/EMU/emu_EqTwoTag_EqThreeJet_Jet2Pt.eps Graphic file (t
ype eps)

<eps/DataBackground/EMU/emu_EqTwoTag_EqThreeJet_Jet2Pt.eps>
File: eps/DataBackground/EMU/emu_EqZeroTag_EqFourJet_Jet2Pt.eps Graphic file (t
ype eps)

<eps/DataBackground/EMU/emu_EqZeroTag_EqFourJet_Jet2Pt.eps>
File: eps/DataBackground/EMU/emu_EqOneTag_EqFourJet_Jet2Pt.eps Graphic file (ty
pe eps)

<eps/DataBackground/EMU/emu_EqOneTag_EqFourJet_Jet2Pt.eps>
File: eps/DataBackground/EMU/emu_EqTwoTag_EqFourJet_Jet2Pt.eps Graphic file (ty
pe eps)

<eps/DataBackground/EMU/emu_EqTwoTag_EqFourJet_Jet2Pt.eps> [97

]
File: eps/DataBackground/EMU/emu_EqZeroTag_EqTwoJet_LeptonPt.eps Graphic file (
type eps)

<eps/DataBackground/EMU/emu_EqZeroTag_EqTwoJet_LeptonPt.eps>
File: eps/DataBackground/EMU/emu_EqOneTag_EqTwoJet_LeptonPt.eps Graphic file (t
ype eps)

<eps/DataBackground/EMU/emu_EqOneTag_EqTwoJet_LeptonPt.eps>
File: eps/DataBackground/EMU/emu_EqTwoTag_EqTwoJet_LeptonPt.eps Graphic file (t
ype eps)

<eps/DataBackground/EMU/emu_EqTwoTag_EqTwoJet_LeptonPt.eps>
File: eps/DataBackground/EMU/emu_EqZeroTag_EqThreeJet_LeptonPt.eps Graphic file
 (type eps)

<eps/DataBackground/EMU/emu_EqZeroTag_EqThreeJet_LeptonPt.eps>
File: eps/DataBackground/EMU/emu_EqOneTag_EqThreeJet_LeptonPt.eps Graphic file 
(type eps)

<eps/DataBackground/EMU/emu_EqOneTag_EqThreeJet_LeptonPt.eps>
File: eps/DataBackground/EMU/emu_EqTwoTag_EqThreeJet_LeptonPt.eps Graphic file 
(type eps)

<eps/DataBackground/EMU/emu_EqTwoTag_EqThreeJet_LeptonPt.eps>
File: eps/DataBackground/EMU/emu_EqZeroTag_EqFourJet_LeptonPt.eps Graphic file 
(type eps)

<eps/DataBackground/EMU/emu_EqZeroTag_EqFourJet_LeptonPt.eps>
File: eps/DataBackground/EMU/emu_EqOneTag_EqFourJet_LeptonPt.eps Graphic file (
type eps)

<eps/DataBackground/EMU/emu_EqOneTag_EqFourJet_LeptonPt.eps>
File: eps/DataBackground/EMU/emu_EqTwoTag_EqFourJet_LeptonPt.eps Graphic file (
type eps)

<eps/DataBackground/EMU/emu_EqTwoTag_EqFourJet_LeptonPt.eps> [98

]
File: eps/DataBackground/EMU/emu_EqZeroTag_EqTwoJet_MissingEt.eps Graphic file 
(type eps)

<eps/DataBackground/EMU/emu_EqZeroTag_EqTwoJet_MissingEt.eps>
File: eps/DataBackground/EMU/emu_EqOneTag_EqTwoJet_MissingEt.eps Graphic file (
type eps)

<eps/DataBackground/EMU/emu_EqOneTag_EqTwoJet_MissingEt.eps>
File: eps/DataBackground/EMU/emu_EqTwoTag_EqTwoJet_MissingEt.eps Graphic file (
type eps)

<eps/DataBackground/EMU/emu_EqTwoTag_EqTwoJet_MissingEt.eps>
File: eps/DataBackground/EMU/emu_EqZeroTag_EqThreeJet_MissingEt.eps Graphic fil
e (type eps)

<eps/DataBackground/EMU/emu_EqZeroTag_EqThreeJet_MissingEt.eps>
File: eps/DataBackground/EMU/emu_EqOneTag_EqThreeJet_MissingEt.eps Graphic file
 (type eps)

<eps/DataBackground/EMU/emu_EqOneTag_EqThreeJet_MissingEt.eps>
File: eps/DataBackground/EMU/emu_EqTwoTag_EqThreeJet_MissingEt.eps Graphic file
 (type eps)

<eps/DataBackground/EMU/emu_EqTwoTag_EqThreeJet_MissingEt.eps>
File: eps/DataBackground/EMU/emu_EqZeroTag_EqFourJet_MissingEt.eps Graphic file
 (type eps)

<eps/DataBackground/EMU/emu_EqZeroTag_EqFourJet_MissingEt.eps>
File: eps/DataBackground/EMU/emu_EqOneTag_EqFourJet_MissingEt.eps Graphic file 
(type eps)

<eps/DataBackground/EMU/emu_EqOneTag_EqFourJet_MissingEt.eps>
File: eps/DataBackground/EMU/emu_EqTwoTag_EqFourJet_MissingEt.eps Graphic file 
(type eps)

<eps/DataBackground/EMU/emu_EqTwoTag_EqFourJet_MissingEt.eps>) [99

]
\openout2 = `MatrixElement.aux'.


(./MatrixElement.tex
<<7>>
[100



]
File: eps/MatrixElement/intro/qtimeseta.eps Graphic file (type eps)
 <eps/MatrixElement/intro/qtimeseta.eps> [101] [102]
File: eps/MatrixElement/feynman/tb.eps Graphic file (type eps)

<eps/MatrixElement/feynman/tb.eps>
File: eps/MatrixElement/feynman/tq.eps Graphic file (type eps)
 <eps/MatrixElement/feynman/tq.eps>
File: eps/MatrixElement/feynman/wbb.eps Graphic file (type eps)

<eps/MatrixElement/feynman/wbb.eps>
File: eps/MatrixElement/feynman/wcg.eps Graphic file (type eps)
 <eps/MatrixElement/feynman/wcg.eps>
File: eps/MatrixElement/feynman/wgg.eps Graphic file (type eps)

<eps/MatrixElement/feynman/wgg.eps>
File: eps/MatrixElement/feynman/tbg.eps Graphic file (type eps)
 <eps/MatrixElement/feynman/tbg.eps>
File: eps/MatrixElement/feynman/tqb.eps Graphic file (type eps)

<eps/MatrixElement/feynman/tqb.eps>
File: eps/MatrixElement/feynman/wbbg.eps Graphic file (type eps)
 <eps/MatrixElement/feynman/wbbg.eps>
[103] [104] [105]
File: eps/MatrixElement/transfer/tfs.eps Graphic file (type eps)
 <eps/MatrixElement/transfer/tfs.eps> [106] [107] [108]
[109] [110] [111]
Overfull \hbox (7.13298pt too wide) in paragraph at lines 479--504
 [] 
 []

[112] [113] [114] [115]
File: eps/MatrixElement/performance/tb_Discriminant__schannel_wbb.eps Graphic f
ile (type eps)

<eps/MatrixElement/performance/tb_Discriminant__schannel_wbb.eps>
File: eps/MatrixElement/performance/tb_Efficiency__schannel_wbb.eps Graphic fil
e (type eps)

<eps/MatrixElement/performance/tb_Efficiency__schannel_wbb.eps>
File: eps/MatrixElement/performance/tq_Discriminant__tchannel_wbb.eps Graphic f
ile (type eps)

<eps/MatrixElement/performance/tq_Discriminant__tchannel_wbb.eps>
File: eps/MatrixElement/performance/tq_Efficiency__tchannel_wbb.eps Graphic fil
e (type eps)

<eps/MatrixElement/performance/tq_Efficiency__tchannel_wbb.eps>
Underfull \hbox (badness 2088) in paragraph at lines 637--648
[][] []
 []

File: eps/MatrixElement/performance/tb_Discriminant__schannel_wcc.eps Graphic f
ile (type eps)
<eps/MatrixElement/performance/tb_Discriminant__schannel_wcc.eps>
File: eps/MatrixElement/performance/tb_Efficiency__schannel_wcc.eps Graphic fil
e (type eps)

<eps/MatrixElement/performance/tb_Efficiency__schannel_wcc.eps>
File: eps/MatrixElement/performance/tq_Discriminant__tchannel_wcc.eps Graphic f
ile (type eps)

<eps/MatrixElement/performance/tq_Discriminant__tchannel_wcc.eps>
File: eps/MatrixElement/performance/tq_Efficiency__tchannel_wcc.eps Graphic fil
e (type eps)

<eps/MatrixElement/performance/tq_Efficiency__tchannel_wcc.eps>
Underfull \hbox (badness 2088) in paragraph at lines 654--665
[][] []
 []

File: eps/MatrixElement/performance/tb_Discriminant__schannel_wjj.eps Graphic f
ile (type eps)
<eps/MatrixElement/performance/tb_Discriminant__schannel_wjj.eps>
File: eps/MatrixElement/performance/tb_Efficiency__schannel_wjj.eps Graphic fil
e (type eps)

<eps/MatrixElement/performance/tb_Efficiency__schannel_wjj.eps>
File: eps/MatrixElement/performance/tq_Discriminant__tchannel_wjj.eps Graphic f
ile (type eps)

<eps/MatrixElement/performance/tq_Discriminant__tchannel_wjj.eps>
File: eps/MatrixElement/performance/tq_Efficiency__tchannel_wjj.eps Graphic fil
e (type eps)

<eps/MatrixElement/performance/tq_Efficiency__tchannel_wjj.eps>
Underfull \hbox (badness 2088) in paragraph at lines 671--682
[][] []
 []

File: eps/MatrixElement/performance/tb_Discriminant__schannel_qcd.eps Graphic f
ile (type eps)
<eps/MatrixElement/performance/tb_Discriminant__schannel_qcd.eps>
File: eps/MatrixElement/performance/tb_Efficiency__schannel_qcd.eps Graphic fil
e (type eps)

<eps/MatrixElement/performance/tb_Efficiency__schannel_qcd.eps>
File: eps/MatrixElement/performance/tq_Discriminant__tchannel_qcd.eps Graphic f
ile (type eps)

<eps/MatrixElement/performance/tq_Discriminant__tchannel_qcd.eps>
File: eps/MatrixElement/performance/tq_Efficiency__tchannel_qcd.eps Graphic fil
e (type eps)

<eps/MatrixElement/performance/tq_Efficiency__tchannel_qcd.eps>
Underfull \hbox (badness 2088) in paragraph at lines 688--699
[][] []
 []

File: eps/MatrixElement/performance/tb_Discriminant__schannel_dilepton.eps Grap
hic file (type eps)
<eps/MatrixElement/performance/tb_Discriminant__schannel_dilepton.eps>
File: eps/MatrixElement/performance/tb_Efficiency__schannel_dilepton.eps Graphi
c file (type eps)

<eps/MatrixElement/performance/tb_Efficiency__schannel_dilepton.eps>
File: eps/MatrixElement/performance/tq_Discriminant__tchannel_dilepton.eps Grap
hic file (type eps)

<eps/MatrixElement/performance/tq_Discriminant__tchannel_dilepton.eps>
File: eps/MatrixElement/performance/tq_Efficiency__tchannel_dilepton.eps Graphi
c file (type eps)

<eps/MatrixElement/performance/tq_Efficiency__tchannel_dilepton.eps>
Underfull \hbox (badness 2088) in paragraph at lines 705--716
[][] []
 []

File: eps/MatrixElement/performance/tb_Discriminant__schannel_lepjets.eps Graph
ic file (type eps)
<eps/MatrixElement/performance/tb_Discriminant__schannel_lepjets.eps>
File: eps/MatrixElement/performance/tb_Efficiency__schannel_lepjets.eps Graphic
 file (type eps)

<eps/MatrixElement/performance/tb_Efficiency__schannel_lepjets.eps>
File: eps/MatrixElement/performance/tq_Discriminant__tchannel_lepjets.eps Graph
ic file (type eps)

<eps/MatrixElement/performance/tq_Discriminant__tchannel_lepjets.eps>
File: eps/MatrixElement/performance/tq_Efficiency__tchannel_lepjets.eps Graphic
 file (type eps)

<eps/MatrixElement/performance/tq_Efficiency__tchannel_lepjets.eps>
Underfull \hbox (badness 2088) in paragraph at lines 722--733
[][] []
 []

[116] [117] [118] [119] [120] [121] [122]
File: eps/MatrixElement/performance/2D-Discriminant_schannel.eps Graphic file (
type eps)

<eps/MatrixElement/performance/2D-Discriminant_schannel.eps>
File: eps/MatrixElement/performance/2D-Discriminant_tchannel.eps Graphic file (
type eps)

<eps/MatrixElement/performance/2D-Discriminant_tchannel.eps>
File: eps/MatrixElement/performance/2D-Discriminant_wbb.eps Graphic file (type 
eps)

<eps/MatrixElement/performance/2D-Discriminant_wbb.eps>
File: eps/MatrixElement/performance/2D-Discriminant_wcc.eps Graphic file (type 
eps)

<eps/MatrixElement/performance/2D-Discriminant_wcc.eps>
File: eps/MatrixElement/performance/2D-Discriminant_wjj.eps Graphic file (type 
eps)

<eps/MatrixElement/performance/2D-Discriminant_wjj.eps>
Underfull \hbox (badness 2088) in paragraph at lines 760--767
[][] []
 []

File: eps/MatrixElement/performance/2D-Discriminant_qcd.eps Graphic file (type 
eps)
<eps/MatrixElement/performance/2D-Discriminant_qcd.eps>
File: eps/MatrixElement/performance/2D-Discriminant_dilepton.eps Graphic file (
type eps)

<eps/MatrixElement/performance/2D-Discriminant_dilepton.eps>
File: eps/MatrixElement/performance/2D-Discriminant_lepjets.eps Graphic file (t
ype eps)

<eps/MatrixElement/performance/2D-Discriminant_lepjets.eps>
Underfull \hbox (badness 2088) in paragraph at lines 773--781
[][] []
 []

[123

] [124] [125] [126

]
File: eps/MatrixElement/cross_check/combined/2jet/Wjets_tb_Discriminant.eps Gra
phic file (type eps)

<eps/MatrixElement/cross_check/combined/2jet/Wjets_tb_Discriminant.eps>
File: eps/MatrixElement/cross_check/combined/2jet/Wjets_tb_Discriminant_Zoom.ep
s Graphic file (type eps)

<eps/MatrixElement/cross_check/combined/2jet/Wjets_tb_Discriminant_Zoom.eps>
File: eps/MatrixElement/cross_check/combined/2jet/Wjets_tq_Discriminant.eps Gra
phic file (type eps)

<eps/MatrixElement/cross_check/combined/2jet/Wjets_tq_Discriminant.eps>
File: eps/MatrixElement/cross_check/combined/2jet/Wjets_tq_Discriminant_Zoom.ep
s Graphic file (type eps)

<eps/MatrixElement/cross_check/combined/2jet/Wjets_tq_Discriminant_Zoom.eps>
Underfull \hbox (badness 2088) in paragraph at lines 819--830
[][] []
 []

[127

]
File: eps/MatrixElement/cross_check/combined/3jet/Wjets_tb_Discriminant.eps Gra
phic file (type eps)
 <eps/MatrixElement/cross_check/combined/3jet/Wjets_tb_Discriminant.eps>
File: eps/MatrixElement/cross_check/combined/3jet/Wjets_tb_Discriminant_Zoom.ep
s Graphic file (type eps)

<eps/MatrixElement/cross_check/combined/3jet/Wjets_tb_Discriminant_Zoom.eps>
File: eps/MatrixElement/cross_check/combined/3jet/Wjets_tq_Discriminant.eps Gra
phic file (type eps)

<eps/MatrixElement/cross_check/combined/3jet/Wjets_tq_Discriminant.eps>
File: eps/MatrixElement/cross_check/combined/3jet/Wjets_tq_Discriminant_Zoom.ep
s Graphic file (type eps)

<eps/MatrixElement/cross_check/combined/3jet/Wjets_tq_Discriminant_Zoom.eps>
Underfull \hbox (badness 2088) in paragraph at lines 837--848
[][] []
 []

[128

]
File: eps/MatrixElement/cross_check/combined/2jet/TTbar_tb_Discriminant.eps Gra
phic file (type eps)
 <eps/MatrixElement/cross_check/combined/2jet/TTbar_tb_Discriminant.eps>
File: eps/MatrixElement/cross_check/combined/2jet/TTbar_tb_Discriminant_Zoom.ep
s Graphic file (type eps)

<eps/MatrixElement/cross_check/combined/2jet/TTbar_tb_Discriminant_Zoom.eps>
File: eps/MatrixElement/cross_check/combined/2jet/TTbar_tq_Discriminant.eps Gra
phic file (type eps)

<eps/MatrixElement/cross_check/combined/2jet/TTbar_tq_Discriminant.eps>
File: eps/MatrixElement/cross_check/combined/2jet/TTbar_tq_Discriminant_Zoom.ep
s Graphic file (type eps)

<eps/MatrixElement/cross_check/combined/2jet/TTbar_tq_Discriminant_Zoom.eps>
Underfull \hbox (badness 2088) in paragraph at lines 855--866
[][] []
 []

[129

]
File: eps/MatrixElement/cross_check/combined/3jet/TTbar_tb_Discriminant.eps Gra
phic file (type eps)
 <eps/MatrixElement/cross_check/combined/3jet/TTbar_tb_Discriminant.eps>
File: eps/MatrixElement/cross_check/combined/3jet/TTbar_tb_Discriminant_Zoom.ep
s Graphic file (type eps)

<eps/MatrixElement/cross_check/combined/3jet/TTbar_tb_Discriminant_Zoom.eps>
File: eps/MatrixElement/cross_check/combined/3jet/TTbar_tq_Discriminant.eps Gra
phic file (type eps)

<eps/MatrixElement/cross_check/combined/3jet/TTbar_tq_Discriminant.eps>
File: eps/MatrixElement/cross_check/combined/3jet/TTbar_tq_Discriminant_Zoom.ep
s Graphic file (type eps)

<eps/MatrixElement/cross_check/combined/3jet/TTbar_tq_Discriminant_Zoom.eps>
Underfull \hbox (badness 2088) in paragraph at lines 873--884
[][] []
 []

[130

]
File: eps/MatrixElement/output/2jet/All_tb_Discriminant.eps Graphic file (type 
eps)
 <eps/MatrixElement/output/2jet/All_tb_Discriminant.eps>
File: eps/MatrixElement/output/2jet/All_tb_Discriminant_Zoom.eps Graphic file (
type eps)

<eps/MatrixElement/output/2jet/All_tb_Discriminant_Zoom.eps>
File: eps/MatrixElement/output/2jet/All_tq_Discriminant.eps Graphic file (type 
eps)

<eps/MatrixElement/output/2jet/All_tq_Discriminant.eps>
File: eps/MatrixElement/output/2jet/All_tq_Discriminant_Zoom.eps Graphic file (
type eps)

<eps/MatrixElement/output/2jet/All_tq_Discriminant_Zoom.eps>
Underfull \hbox (badness 2088) in paragraph at lines 903--914
[][] []
 []

File: eps/MatrixElement/output/3jet/All_tb_Discriminant.eps Graphic file (type 
eps)
<eps/MatrixElement/output/3jet/All_tb_Discriminant.eps>
File: eps/MatrixElement/output/3jet/All_tb_Discriminant_Zoom.eps Graphic file (
type eps)

<eps/MatrixElement/output/3jet/All_tb_Discriminant_Zoom.eps>
File: eps/MatrixElement/output/3jet/All_tq_Discriminant.eps Graphic file (type 
eps)

<eps/MatrixElement/output/3jet/All_tq_Discriminant.eps>
File: eps/MatrixElement/output/3jet/All_tq_Discriminant_Zoom.eps Graphic file (
type eps)

<eps/MatrixElement/output/3jet/All_tq_Discriminant_Zoom.eps>
Underfull \hbox (badness 2088) in paragraph at lines 921--932
[][] []
 []

[131

] [132]
File: eps/MatrixElement/topovars/BTaggedTopMass_0.eps Graphic file (type eps)
 <eps/MatrixElement/topovars/BTaggedTopMass_0.eps>
File: eps/MatrixElement/topovars/BTaggedTopMass_-0.4.eps Graphic file (type eps
)

<eps/MatrixElement/topovars/BTaggedTopMass_-0.4.eps>
File: eps/MatrixElement/topovars/BTaggedTopMass_0.7.eps Graphic file (type eps)


<eps/MatrixElement/topovars/BTaggedTopMass_0.7.eps>
Underfull \hbox (badness 2088) in paragraph at lines 950--957
[][] []
 []

File: eps/MatrixElement/topovars/QTimesEta_0.eps Graphic file (type eps)
<eps/MatrixElement/topovars/QTimesEta_0.eps>
File: eps/MatrixElement/topovars/QTimesEta_-0.4.eps Graphic file (type eps)

<eps/MatrixElement/topovars/QTimesEta_-0.4.eps>
File: eps/MatrixElement/topovars/QTimesEta_0.7.eps Graphic file (type eps)

<eps/MatrixElement/topovars/QTimesEta_0.7.eps>
Underfull \hbox (badness 2088) in paragraph at lines 964--974
[][] []
 []

) [133

] [134]
\openout2 = `SystematicsCrossSection.aux'.

 (./SystematicsCrossSection.tex
<<8>>
[135



] [136] [137] [138]
File: eps/Limits/CrossSection.eps Graphic file (type eps)
 <eps/Limits/CrossSection.eps>
File: eps/Limits/Limit.eps Graphic file (type eps)
 <eps/Limits/Limit.eps>
[139]
File: eps/Limits/BayesRatio.eps Graphic file (type eps)
 <eps/Limits/BayesRatio.eps> [140] [141] [142

]
File: eps/Systematics/trigger.eps Graphic file (type eps)

<eps/Systematics/trigger.eps> [143]
File: eps/Systematics/jes.eps Graphic file (type eps)
 <eps/Systematics/jes.eps> [144] [145]
[146]
File: eps/Systematics/trf_b_0.775_pt.eps Graphic file (type eps)
 <eps/Systematics/trf_b_0.775_pt.eps>
File: eps/Systematics/trf_b_0.775_eta.eps Graphic file (type eps)

<eps/Systematics/trf_b_0.775_eta.eps>
File: eps/Systematics/trf_c_0.775_pt.eps Graphic file (type eps)
 <eps/Systematics/trf_c_0.775_pt.eps>
File: eps/Systematics/trf_c_0.775_eta.eps Graphic file (type eps)

<eps/Systematics/trf_c_0.775_eta.eps> [147]
File: eps/Limits/Blue2.0.eps Graphic file (type eps)
 <eps/Limits/Blue2.0.eps>
File: eps/Limits/Blue2.9.eps Graphic file (type eps)

<eps/Limits/Blue2.9.eps>
File: eps/Limits/Blue4.0.eps Graphic file (type eps)
 <eps/Limits/Blue4.0.eps>
File: eps/Limits/Blue6.0.eps Graphic file (type eps)
 <eps/Limits/Blue6.0.eps>
File: eps/Limits/Blue8.0.eps Graphic file (type eps)

<eps/Limits/Blue8.0.eps>
File: eps/Limits/Linearity.eps Graphic file (type eps)
 <eps/Limits/Linearity.eps> [148

] [149] [150]
File: eps/MatrixElement/posterior/nosys/expected_limit_TBTQ_LeptonsCombined_2Je
t_TagsCombined.eps Graphic file (type eps)

<eps/MatrixElement/posterior/nosys/expected_limit_TBTQ_LeptonsCombined_2Jet_Tag
sCombined.eps>
File: eps/MatrixElement/posterior/sys/expected_limit_TBTQ_LeptonsCombined_2Jet_
TagsCombined.eps Graphic file (type eps)

<eps/MatrixElement/posterior/sys/expected_limit_TBTQ_LeptonsCombined_2Jet_TagsC
ombined.eps>
File: eps/MatrixElement/posterior/nosys/expected_limit_TBTQ_LeptonsCombined_3Je
t_TagsCombined.eps Graphic file (type eps)

<eps/MatrixElement/posterior/nosys/expected_limit_TBTQ_LeptonsCombined_3Jet_Tag
sCombined.eps>
File: eps/MatrixElement/posterior/sys/expected_limit_TBTQ_LeptonsCombined_3Jet_
TagsCombined.eps Graphic file (type eps)

<eps/MatrixElement/posterior/sys/expected_limit_TBTQ_LeptonsCombined_3Jet_TagsC
ombined.eps>
File: eps/MatrixElement/posterior/nosys/expected_limit_TBTQ_LeptonsCombined_Jet
sCombined_TagsCombined.eps Graphic file (type eps)

<eps/MatrixElement/posterior/nosys/expected_limit_TBTQ_LeptonsCombined_JetsComb
ined_TagsCombined.eps>
File: eps/MatrixElement/posterior/sys/expected_limit_TBTQ_LeptonsCombined_JetsC
ombined_TagsCombined.eps Graphic file (type eps)

<eps/MatrixElement/posterior/sys/expected_limit_TBTQ_LeptonsCombined_JetsCombin
ed_TagsCombined.eps> [151

] [152]) [153]
\openout2 = `Results.aux'.

 (./Results.tex
<<9>>
File: eps/MatrixElement/posterior/nosys/limit_TBTQ_LeptonsCombined_JetsCombined
_TagsCombined.eps Graphic file (type eps)

<eps/MatrixElement/posterior/nosys/limit_TBTQ_LeptonsCombined_JetsCombined_Tags
Combined.eps>
File: eps/MatrixElement/posterior/sys/limit_TBTQ_LeptonsCombined_JetsCombined_T
agsCombined.eps Graphic file (type eps)

<eps/MatrixElement/posterior/sys/limit_TBTQ_LeptonsCombined_JetsCombined_TagsCo
mbined.eps> [154



] [155]
File: eps/MatrixElement/sintop_xsec_summary.eps Graphic file (type eps)
 <eps/MatrixElement/sintop_xsec_summary.eps> [156]
[157]
File: eps/Limits/ZeroSignalEnsemple_Expected.eps Graphic file (type eps)
 <eps/Limits/ZeroSignalEnsemple_Expected.eps>
File: eps/Limits/ZeroSignalEnsemple_Observed.eps Graphic file (type eps)

<eps/Limits/ZeroSignalEnsemple_Observed.eps>
File: eps/Limits/prob_sm.eps Graphic file (type eps)
 <eps/Limits/prob_sm.eps>) [158]
[159]
\openout2 = `Conclusion.aux'.

 (./Conclusion.tex
<<10>>
File: eps/Conclusion/ResultsComb.eps Graphic file (type eps)
<eps/Conclusion/ResultsComb.eps> [160



] [161]) [162] (./uwthesis.bbl [163


]
[164] [165]
Underfull \hbox (badness 1072) in paragraph at lines 259--262
[]\OT1/cmr/m/n/10.95 The CDF Col-lab-o-ra-tion.  Sin-gle top quark search with 
0.7 fb$[]$. cdf con-fer-
 []

Missing character: There is no Ð in font cmr10!
[166] [167] [168]) [169]
\openout2 = `MatrixElementCalculations.aux'.

 (./MatrixElementCalculations.tex
<<A>>
[170


] [171] [172] [173] [174] [175] [176] [177] [178] [179] [180] [181]
[182] [183] [184]) [185]
\openout2 = `Channels.aux'.

 (./Channels.tex
<<B>>
File: eps/MatrixElement/output/electron_2_1/All_tb_Discriminant.eps Graphic fil
e (type eps)
<eps/MatrixElement/output/electron_2_1/All_tb_Discriminant.eps>
File: eps/MatrixElement/output/electron_2_1/All_tb_Discriminant_Zoom.eps Graphi
c file (type eps)

<eps/MatrixElement/output/electron_2_1/All_tb_Discriminant_Zoom.eps>
File: eps/MatrixElement/output/electron_2_1/All_tq_Discriminant.eps Graphic fil
e (type eps)

<eps/MatrixElement/output/electron_2_1/All_tq_Discriminant.eps>
File: eps/MatrixElement/output/electron_2_1/All_tq_Discriminant_Zoom.eps Graphi
c file (type eps)

<eps/MatrixElement/output/electron_2_1/All_tq_Discriminant_Zoom.eps>
Underfull \hbox (badness 2088) in paragraph at lines 11--21
[][] []
 []

[186



]
File: eps/MatrixElement/output/electron_2_2/All_tb_Discriminant.eps Graphic fil
e (type eps)
 <eps/MatrixElement/output/electron_2_2/All_tb_Discriminant.eps>
File: eps/MatrixElement/output/electron_2_2/All_tb_Discriminant_Zoom.eps Graphi
c file (type eps)

<eps/MatrixElement/output/electron_2_2/All_tb_Discriminant_Zoom.eps>
File: eps/MatrixElement/output/electron_2_2/All_tq_Discriminant.eps Graphic fil
e (type eps)

<eps/MatrixElement/output/electron_2_2/All_tq_Discriminant.eps>
File: eps/MatrixElement/output/electron_2_2/All_tq_Discriminant_Zoom.eps Graphi
c file (type eps)

<eps/MatrixElement/output/electron_2_2/All_tq_Discriminant_Zoom.eps>
Underfull \hbox (badness 2088) in paragraph at lines 32--42
[][] []
 []

[187

]
File: eps/MatrixElement/output/muon_2_1/All_tb_Discriminant.eps Graphic file (t
ype eps)
 <eps/MatrixElement/output/muon_2_1/All_tb_Discriminant.eps>
File: eps/MatrixElement/output/muon_2_1/All_tb_Discriminant_Zoom.eps Graphic fi
le (type eps)

<eps/MatrixElement/output/muon_2_1/All_tb_Discriminant_Zoom.eps>
File: eps/MatrixElement/output/muon_2_1/All_tq_Discriminant.eps Graphic file (t
ype eps)

<eps/MatrixElement/output/muon_2_1/All_tq_Discriminant.eps>
File: eps/MatrixElement/output/muon_2_1/All_tq_Discriminant_Zoom.eps Graphic fi
le (type eps)

<eps/MatrixElement/output/muon_2_1/All_tq_Discriminant_Zoom.eps>
Underfull \hbox (badness 2088) in paragraph at lines 53--63
[][] []
 []

[188

]
File: eps/MatrixElement/output/muon_2_2/All_tb_Discriminant.eps Graphic file (t
ype eps)
 <eps/MatrixElement/output/muon_2_2/All_tb_Discriminant.eps>
File: eps/MatrixElement/output/muon_2_2/All_tb_Discriminant_Zoom.eps Graphic fi
le (type eps)

<eps/MatrixElement/output/muon_2_2/All_tb_Discriminant_Zoom.eps>
File: eps/MatrixElement/output/muon_2_2/All_tq_Discriminant.eps Graphic file (t
ype eps)

<eps/MatrixElement/output/muon_2_2/All_tq_Discriminant.eps>
File: eps/MatrixElement/output/muon_2_2/All_tq_Discriminant_Zoom.eps Graphic fi
le (type eps)

<eps/MatrixElement/output/muon_2_2/All_tq_Discriminant_Zoom.eps>
Underfull \hbox (badness 2088) in paragraph at lines 74--84
[][] []
 []

[189

]
File: eps/MatrixElement/output/electron_3_1/All_tb_Discriminant.eps Graphic fil
e (type eps)
 <eps/MatrixElement/output/electron_3_1/All_tb_Discriminant.eps>
File: eps/MatrixElement/output/electron_3_1/All_tb_Discriminant_Zoom.eps Graphi
c file (type eps)

<eps/MatrixElement/output/electron_3_1/All_tb_Discriminant_Zoom.eps>
File: eps/MatrixElement/output/electron_3_1/All_tq_Discriminant.eps Graphic fil
e (type eps)

<eps/MatrixElement/output/electron_3_1/All_tq_Discriminant.eps>
File: eps/MatrixElement/output/electron_3_1/All_tq_Discriminant_Zoom.eps Graphi
c file (type eps)

<eps/MatrixElement/output/electron_3_1/All_tq_Discriminant_Zoom.eps>
Underfull \hbox (badness 2088) in paragraph at lines 95--105
[][] []
 []

[190

]
File: eps/MatrixElement/output/electron_3_2/All_tb_Discriminant.eps Graphic fil
e (type eps)
 <eps/MatrixElement/output/electron_3_2/All_tb_Discriminant.eps>
File: eps/MatrixElement/output/electron_3_2/All_tb_Discriminant_Zoom.eps Graphi
c file (type eps)

<eps/MatrixElement/output/electron_3_2/All_tb_Discriminant_Zoom.eps>
File: eps/MatrixElement/output/electron_3_2/All_tq_Discriminant.eps Graphic fil
e (type eps)

<eps/MatrixElement/output/electron_3_2/All_tq_Discriminant.eps>
File: eps/MatrixElement/output/electron_3_2/All_tq_Discriminant_Zoom.eps Graphi
c file (type eps)

<eps/MatrixElement/output/electron_3_2/All_tq_Discriminant_Zoom.eps>
Underfull \hbox (badness 2088) in paragraph at lines 116--126
[][] []
 []

[191

]
File: eps/MatrixElement/output/muon_3_1/All_tb_Discriminant.eps Graphic file (t
ype eps)
 <eps/MatrixElement/output/muon_3_1/All_tb_Discriminant.eps>
File: eps/MatrixElement/output/muon_3_1/All_tb_Discriminant_Zoom.eps Graphic fi
le (type eps)

<eps/MatrixElement/output/muon_3_1/All_tb_Discriminant_Zoom.eps>
File: eps/MatrixElement/output/muon_3_1/All_tq_Discriminant.eps Graphic file (t
ype eps)

<eps/MatrixElement/output/muon_3_1/All_tq_Discriminant.eps>
File: eps/MatrixElement/output/muon_3_1/All_tq_Discriminant_Zoom.eps Graphic fi
le (type eps)

<eps/MatrixElement/output/muon_3_1/All_tq_Discriminant_Zoom.eps>
Underfull \hbox (badness 2088) in paragraph at lines 137--147
[][] []
 []

[192

]
File: eps/MatrixElement/output/muon_3_2/All_tb_Discriminant.eps Graphic file (t
ype eps)
 <eps/MatrixElement/output/muon_3_2/All_tb_Discriminant.eps>
File: eps/MatrixElement/output/muon_3_2/All_tb_Discriminant_Zoom.eps Graphic fi
le (type eps)

<eps/MatrixElement/output/muon_3_2/All_tb_Discriminant_Zoom.eps>
File: eps/MatrixElement/output/muon_3_2/All_tq_Discriminant.eps Graphic file (t
ype eps)

<eps/MatrixElement/output/muon_3_2/All_tq_Discriminant.eps>
File: eps/MatrixElement/output/muon_3_2/All_tq_Discriminant_Zoom.eps Graphic fi
le (type eps)

<eps/MatrixElement/output/muon_3_2/All_tq_Discriminant_Zoom.eps>
Underfull \hbox (badness 2088) in paragraph at lines 158--168
[][] []
 []

) [193

]
\openout2 = `Luminosity.aux'.

 (./Luminosity.tex
<<C>>
) [194



]
\openout2 = `EnsembleGeneration.aux'.

 (./EnsembleGeneration.tex
<<D>>
[195



]) [196]
\openout2 = `Systematics.aux'.

 (./Systematics.tex
<<E>>
[197



] (./systematics/systematics_Electron_EqOneTag_EqTwoJet.tex
Missing character: There is no · in font cmr10!
)
Overfull \hbox (4.66676pt too wide) in paragraph at lines 15--30
 [] 
 []

[198

] (./systematics/systematics_Electron_EqOneTag_EqThreeJet.tex
Missing character: There is no · in font cmr10!
)
Overfull \hbox (4.66676pt too wide) in paragraph at lines 42--57
 [] 
 []

[199

] (./systematics/systematics_Muon_EqOneTag_EqTwoJet.tex
Missing character: There is no · in font cmr10!
)
Overfull \hbox (4.66676pt too wide) in paragraph at lines 69--84
 [] 
 []

[200

] (./systematics/systematics_Muon_EqOneTag_EqThreeJet.tex
Missing character: There is no · in font cmr10!
)
Overfull \hbox (4.66676pt too wide) in paragraph at lines 96--111
 [] 
 []

[201

] (./systematics/systematics_Electron_EqTwoTag_EqTwoJet.tex
Missing character: There is no · in font cmr10!
)
Overfull \hbox (4.66676pt too wide) in paragraph at lines 123--138
 [] 
 []

[202

] (./systematics/systematics_Electron_EqTwoTag_EqThreeJet.tex
Missing character: There is no · in font cmr10!
)
Overfull \hbox (4.66676pt too wide) in paragraph at lines 150--165
 [] 
 []

[203

] (./systematics/systematics_Muon_EqTwoTag_EqTwoJet.tex
Missing character: There is no · in font cmr10!
)
Overfull \hbox (4.66676pt too wide) in paragraph at lines 177--192
 [] 
 []

[204

] (./systematics/systematics_Muon_EqTwoTag_EqThreeJet.tex
Missing character: There is no · in font cmr10!
)
Overfull \hbox (4.66676pt too wide) in paragraph at lines 204--219
 [] 
 []

) [205

] [206


] (./uwthesis.aux (./Introduction.aux) (./Theory.aux)
(./Detector.aux) (./RecoSimulation.aux) (./Analysis.aux)
(./BackgroundEstimation.aux) (./MatrixElement.aux)
(./SystematicsCrossSection.aux) (./Results.aux) (./Conclusion.aux)
(./MatrixElementCalculations.aux) (./Channels.aux) (./Luminosity.aux)
(./EnsembleGeneration.aux) (./Systematics.aux)) ) 
Here is how much of TeX's memory you used:
 2037 strings out of 95138
 37687 string characters out of 1183036
 2067002 words of memory out of 4521837
 4850 multiletter control sequences out of 10000+50000
 10711 words of font info for 40 fonts, out of 2000000 for 2000
 58 hyphenation exceptions out of 5000
 27i,14n,24p,2034b,405s stack positions out of 5000i,500n,6000p,200000b,40000s

Output written on uwthesis.dvi (223 pages, 554220 bytes).
