This is pdfeTeX, Version 3.141592-1.30.4-2.2 (Web2C 7.5.5) (format=latex 2006.4.18)  7 FEB 2007 17:40
entering extended mode
**me_note.tex
(./me_note.tex
LaTeX2e <2003/12/01>
Babel <v3.8d> and hyphenation patterns for american, french, german, ngerman, d
utch, italian, norsk, portuges, spanish, swedish, nohyphenation, loaded.
(/usr/local/teTeX/share/texmf.tetex/tex/latex/revtex4/revtex4.cls
Document Class: revtex4 2001/08/03 v4.0 (http://publish.aps.org/revtex4/ for do
cumentation)
 Copyright (c) 2001 The American Physical Society.
 mailto:revtex@aps.org
 Licensed under the LPPL:
http://www.ctan.org/tex-archive/macros/latex/base/lppl.txt
 Arthur Ogawa <ogawa@teleport.com>
 Based on work by David Carlisle <david@dcarlisle.demon.co.uk>.
ltxutil: portions licensed from W. E. Baxter (web@superscript.com)
Class revtex4 Info: Repairing broken LateX \@sect on input line 596.
\intertabularlinepenalty=\count79
\@tbpen=\count80
\@arstrutbox@hline=\box26
Class revtex4 Info: Repairing broken LaTeX \@xbitor on input line 1610.
ltxgrid: portions licensed from W. E. Baxter (web@superscript.com)
\c@linecount=\count81
\output=\toks14
\@protection@box=\box27
\@topmark@saved=\toks15
\footins@saved=\box28
\pagesofar=\box29
\footbox=\box30
\pagegrid@col=\count82
Class revtex4 Info: Incorporating package {textcase}  [1998/11/12 v0.06 Text on
ly upper/lower case changing (DPC)]. on input line 3682.
(/usr/local/teTeX/share/texmf.tetex/tex/latex/url/url.sty
\Urlmuskip=\muskip10
Package: url 2004/03/15  ver 3.1  Verb mode for urls, etc.
)
\c@affil=\count83
\absbox=\box31
\c@part=\count84
\c@section=\count85
\c@subsection=\count86
\c@subsubsection=\count87
\c@paragraph=\count88
\c@subparagraph=\count89
\abovecaptionskip=\skip41
\belowcaptionskip=\skip42
\c@figure=\count90
\c@table=\count91

(/usr/local/teTeX/share/texmf.tetex/tex/latex/natbib/natbib.sty
Package: natbib 2003/06/06 7.1 (PWD)
\bibhang=\skip43
\bibsep=\skip44
LaTeX Info: Redefining \cite on input line 518.
\c@NAT@ctr=\count92
)
\widetext@top=\box32
\widetext@bot=\box33

(/usr/local/teTeX/share/texmf.tetex/tex/latex/revtex4/revsymb.sty
Package: revsymb 2001/08/03 v4.0 (http://publish.aps.org/revtex4/ for documenta
tion)
LaTeX Info: Redefining \REV@mathfrak on input line 118.
))
(/usr/local/teTeX/share/texmf.tetex/tex/latex/revtex4/aps.rtx
File: aps.rtx 2001/08/03 v4.0 (http://publish.aps.org/revtex4/ for documentatio
n)
)
(/usr/local/teTeX/share/texmf.tetex/tex/latex/revtex4/10pt.rtx
File: 10pt.rtx 2001/08/03 v4.0 (http://publish.aps.org/revtex4/ for documentati
on)
)
(/usr/local/teTeX/share/texmf.tetex/tex/latex/graphics/graphicx.sty
Package: graphicx 1999/02/16 v1.0f Enhanced LaTeX Graphics (DPC,SPQR)

(/usr/local/teTeX/share/texmf.tetex/tex/latex/graphics/keyval.sty
Package: keyval 1999/03/16 v1.13 key=value parser (DPC)
\KV@toks@=\toks16
)
(/usr/local/teTeX/share/texmf.tetex/tex/latex/graphics/graphics.sty
Package: graphics 2001/07/07 v1.0n Standard LaTeX Graphics (DPC,SPQR)

(/usr/local/teTeX/share/texmf.tetex/tex/latex/graphics/trig.sty
Package: trig 1999/03/16 v1.09 sin cos tan (DPC)
)
(/usr/local/teTeX/share/texmf.tetex/tex/latex/graphics/graphics.cfg
File: graphics.cfg 2005/02/03 v1.3 graphics configuration of teTeX/TeXLive
)
Package graphics Info: Driver file: dvips.def on input line 80.

(/usr/local/teTeX/share/texmf.tetex/tex/latex/graphics/dvips.def
File: dvips.def 1999/02/16 v3.0i Driver-dependant file (DPC,SPQR)
))
\Gin@req@height=\dimen102
\Gin@req@width=\dimen103
)
(/usr/local/teTeX/share/texmf.tetex/tex/latex/graphics/color.sty
Package: color 1999/02/16 v1.0i Standard LaTeX Color (DPC)

(/usr/local/teTeX/share/texmf.tetex/tex/latex/graphics/color.cfg
File: color.cfg 2005/02/03 v1.3 color configuration of teTeX/TeXLive
)
Package color Info: Driver file: dvips.def on input line 125.

(/usr/local/teTeX/share/texmf.tetex/tex/latex/graphics/dvipsnam.def
File: dvipsnam.def 1999/02/16 v3.0i Driver-dependant file (DPC,SPQR)
))
(/usr/local/teTeX/share/texmf.tetex/tex/latex/rotating/rotating.sty
Package: rotating 1997/09/26 v2.13 Rotation package

(/usr/local/teTeX/share/texmf.tetex/tex/latex/base/ifthen.sty
Package: ifthen 2001/05/26 v1.1c Standard LaTeX ifthen package (DPC)
)
\c@r@tfl@t=\count93
\rot@float@box=\box34
)
(/usr/local/teTeX/share/texmf.tetex/tex/latex/changebar/changebar.sty
Package: changebar 2004/02/20 v3.4g Indicate changes with marginal bars
\cb@nextpoint=\count94
\cb@topleft=\count95
\cb@topright=\count96
\cb@botleft=\count97
\cb@botright=\count98
\cb@cnta=\count99
\cb@cntb=\count100
\cb@dima=\dimen104
\cb@curbarwd=\dimen105
\cb@page=\count101
\cb@pagecount=\count102
\cb@odd@left=\dimen106
\cb@odd@right=\dimen107
\cb@even@left=\dimen108
\cb@even@right=\dimen109
\changebarwidth=\skip45
\deletebarwidth=\skip46
\changebarsep=\skip47
\c@changebargrey=\count103
\cb@write=\write3
\cb@read=\read1
\openout3 = `me_note.cb'.

)
(/usr/local/teTeX/share/texmf.tetex/tex/latex/subfigure/subfigure.sty
Package: subfigure 2002/07/30 v2.1.4 subfigure package
\subfigtopskip=\skip48
\subfigcapskip=\skip49
\subfigcaptopadj=\dimen110
\subfigbottomskip=\skip50
\subfigcapmargin=\dimen111
\subfiglabelskip=\skip51
\c@subfigure=\count104
\c@lofdepth=\count105
\c@subtable=\count106
\c@lotdepth=\count107

****************************************
* Local config file subfigure.cfg used *
****************************************
(/usr/local/teTeX/share/texmf.tetex/tex/latex/subfigure/subfigure.cfg)
\subfig@top=\skip52
\subfig@bottom=\skip53
)
(./me_note.aux)
\openout1 = `me_note.aux'.

LaTeX Font Info:    Checking defaults for OML/cmm/m/it on input line 149.
LaTeX Font Info:    ... okay on input line 149.
LaTeX Font Info:    Checking defaults for T1/cmr/m/n on input line 149.
LaTeX Font Info:    ... okay on input line 149.
LaTeX Font Info:    Checking defaults for OT1/cmr/m/n on input line 149.
LaTeX Font Info:    ... okay on input line 149.
LaTeX Font Info:    Checking defaults for OMS/cmsy/m/n on input line 149.
LaTeX Font Info:    ... okay on input line 149.
LaTeX Font Info:    Checking defaults for OMX/cmex/m/n on input line 149.
LaTeX Font Info:    ... okay on input line 149.
LaTeX Font Info:    Checking defaults for U/cmr/m/n on input line 149.
LaTeX Font Info:    ... okay on input line 149.
Class revtex4 Info: Patching LaTeX tabular. on input line 149.
Class revtex4 Info: cite was not loaded (OK!) on input line 149.
Class revtex4 Info: multicol was not loaded (OK!) on input line 149.
LaTeX Font Info:    External font `cmex10' loaded for size
(Font)              <9> on input line 154.
LaTeX Font Info:    External font `cmex10' loaded for size
(Font)              <6> on input line 154.
LaTeX Font Info:    External font `cmex10' loaded for size
(Font)              <5> on input line 154.
LaTeX Font Info:    External font `cmex10' loaded for size
(Font)              <12> on input line 255.
LaTeX Font Info:    External font `cmex10' loaded for size
(Font)              <8> on input line 255.
LaTeX Font Info:    External font `cmex10' loaded for size
(Font)              <17.28> on input line 266.
 [1]

LaTeX Font Warning: Font shape `OT1/cmr/bx/sc' undefined
(Font)              using `OT1/cmr/bx/n' instead on input line 273.

(./me_note.toc
Overfull \hbox (5.00003pt too wide) detected at line 12
 \OT1/cmr/m/n/10 10
 []


Overfull \hbox (5.00003pt too wide) detected at line 13
 \OT1/cmr/m/n/10 10
 []


Overfull \hbox (5.00003pt too wide) detected at line 14
 \OT1/cmr/m/n/10 11
 []


Overfull \hbox (5.00003pt too wide) detected at line 15
 \OT1/cmr/m/n/10 11
 []


Overfull \hbox (5.00003pt too wide) detected at line 16
 \OT1/cmr/m/n/10 16
 []


Overfull \hbox (5.00003pt too wide) detected at line 17
 \OT1/cmr/m/n/10 19
 []


Overfull \hbox (5.00003pt too wide) detected at line 18
 \OT1/cmr/m/n/10 19
 []


Overfull \hbox (5.00003pt too wide) detected at line 19
 \OT1/cmr/m/n/10 20
 []


Overfull \hbox (5.00003pt too wide) detected at line 20
 \OT1/cmr/m/n/10 22
 []


Overfull \hbox (5.00003pt too wide) detected at line 21
 \OT1/cmr/m/n/10 23
 []


Overfull \hbox (5.00003pt too wide) detected at line 22
 \OT1/cmr/m/n/10 23
 []


Overfull \hbox (5.00003pt too wide) detected at line 23
 \OT1/cmr/m/n/10 24
 []


Overfull \hbox (5.00003pt too wide) detected at line 24
 \OT1/cmr/m/n/10 25
 []


Overfull \hbox (5.00003pt too wide) detected at line 25
 \OT1/cmr/m/n/10 27
 []


Overfull \hbox (5.00003pt too wide) detected at line 26
 \OT1/cmr/m/n/10 28
 []


Overfull \hbox (5.00003pt too wide) detected at line 27
 \OT1/cmr/m/n/10 29
 []


Overfull \hbox (5.00003pt too wide) detected at line 29
 \OT1/cmr/m/n/10 30
 []


Overfull \hbox (5.00003pt too wide) detected at line 30
 \OT1/cmr/m/n/10 30
 []


Overfull \hbox (5.00003pt too wide) detected at line 31
 \OT1/cmr/m/n/10 30
 []


Overfull \hbox (5.00003pt too wide) detected at line 32
 \OT1/cmr/m/n/10 31
 []


Overfull \hbox (5.00003pt too wide) detected at line 33
 \OT1/cmr/m/n/10 32
 []


Overfull \hbox (5.00003pt too wide) detected at line 34
 \OT1/cmr/m/n/10 33
 []


Overfull \hbox (5.00003pt too wide) detected at line 35
 \OT1/cmr/m/n/10 33
 []


Overfull \hbox (5.00003pt too wide) detected at line 36
 \OT1/cmr/m/n/10 33
 []


Overfull \hbox (5.00003pt too wide) detected at line 37
 \OT1/cmr/m/n/10 34
 []


Overfull \hbox (5.00003pt too wide) detected at line 38
 \OT1/cmr/m/n/10 35
 []


Overfull \hbox (5.00003pt too wide) detected at line 39
 \OT1/cmr/m/n/10 39
 []


Overfull \hbox (5.00003pt too wide) detected at line 40
 \OT1/cmr/m/n/10 39
 []


Overfull \hbox (5.00003pt too wide) detected at line 41
 \OT1/cmr/m/n/10 39
 []

LaTeX Font Info:    External font `cmex10' loaded for size
(Font)              <7> on input line 42.

Overfull \hbox (5.00003pt too wide) detected at line 42
 \OT1/cmr/m/n/10 40
 []


Overfull \hbox (5.00003pt too wide) detected at line 43
 \OT1/cmr/m/n/10 40
 []


Overfull \hbox (5.00003pt too wide) detected at line 44
 \OT1/cmr/m/n/10 42
 []


Overfull \hbox (5.00003pt too wide) detected at line 45
 \OT1/cmr/m/n/10 43
 []


Overfull \hbox (5.00003pt too wide) detected at line 46
 \OT1/cmr/m/n/10 44
 []


Overfull \hbox (5.00003pt too wide) detected at line 47
 \OT1/cmr/m/n/10 44
 []


Overfull \hbox (5.00003pt too wide) detected at line 48
 \OT1/cmr/m/n/10 47
 []

)
\tf@toc=\write4
\openout4 = `me_note.toc'.

 [2] (./Introduction.tex) (./MethodDescription.tex [3] [4]
LaTeX Font Info:    Try loading font information for OMS+cmr on input line 121.


(/usr/local/teTeX/share/texmf.tetex/tex/latex/base/omscmr.fd
File: omscmr.fd 1999/05/25 v2.5h Standard LaTeX font definitions
)
LaTeX Font Info:    Font shape `OMS/cmr/m/n' in size <12> not available
(Font)              Font shape `OMS/cmsy/m/n' tried instead on input line 121.
 [5]
File: figures/transfer/tfs.eps Graphic file (type eps)

<figures/transfer/tfs.eps> [6] [7]
File: figures/feynman/tb.eps Graphic file (type eps)
 <figures/feynman/tb.eps>
File: figures/feynman/tq.eps Graphic file (type eps)

<figures/feynman/tq.eps>
File: figures/feynman/wbb.eps Graphic file (type eps)
 <figures/feynman/wbb.eps>
File: figures/feynman/wcg.eps Graphic file (type eps)
 <figures/feynman/wcg.eps>
File: figures/feynman/wgg.eps Graphic file (type eps)

<figures/feynman/wgg.eps>
File: figures/feynman/tbg.eps Graphic file (type eps)
 <figures/feynman/tbg.eps>
File: figures/feynman/tqb.eps Graphic file (type eps)
 <figures/feynman/tqb.eps>
File: figures/feynman/wbbg.eps Graphic file (type eps)

<figures/feynman/wbbg.eps> [8] [9] [10]
File: figures/performance/tb_Discriminant__schannel_wbb.eps Graphic file (type 
eps)

<figures/performance/tb_Discriminant__schannel_wbb.eps>
File: figures/performance/tb_Efficiency__schannel_wbb.eps Graphic file (type ep
s)

<figures/performance/tb_Efficiency__schannel_wbb.eps>
File: figures/performance/tb_Discriminant__schannel_wcc.eps Graphic file (type 
eps)

<figures/performance/tb_Discriminant__schannel_wcc.eps>
File: figures/performance/tb_Efficiency__schannel_wcc.eps Graphic file (type ep
s)

<figures/performance/tb_Efficiency__schannel_wcc.eps>
File: figures/performance/tq_Discriminant__tchannel_wbb.eps Graphic file (type 
eps)

<figures/performance/tq_Discriminant__tchannel_wbb.eps>
File: figures/performance/tq_Efficiency__tchannel_wbb.eps Graphic file (type ep
s)

<figures/performance/tq_Efficiency__tchannel_wbb.eps>
File: figures/performance/tq_Discriminant__tchannel_wcc.eps Graphic file (type 
eps)

<figures/performance/tq_Discriminant__tchannel_wcc.eps>
File: figures/performance/tq_Efficiency__tchannel_wcc.eps Graphic file (type ep
s)

<figures/performance/tq_Efficiency__tchannel_wcc.eps>
File: figures/performance/tb_Discriminant__schannel_wjj.eps Graphic file (type 
eps)

<figures/performance/tb_Discriminant__schannel_wjj.eps>
File: figures/performance/tb_Efficiency__schannel_wjj.eps Graphic file (type ep
s)

<figures/performance/tb_Efficiency__schannel_wjj.eps>
File: figures/performance/tb_Discriminant__schannel_qcd.eps Graphic file (type 
eps)

<figures/performance/tb_Discriminant__schannel_qcd.eps>
File: figures/performance/tb_Efficiency__schannel_qcd.eps Graphic file (type ep
s)

<figures/performance/tb_Efficiency__schannel_qcd.eps>
File: figures/performance/tq_Discriminant__tchannel_wjj.eps Graphic file (type 
eps)

<figures/performance/tq_Discriminant__tchannel_wjj.eps>
File: figures/performance/tq_Efficiency__tchannel_wjj.eps Graphic file (type ep
s)

<figures/performance/tq_Efficiency__tchannel_wjj.eps>
File: figures/performance/tq_Discriminant__tchannel_qcd.eps Graphic file (type 
eps)

<figures/performance/tq_Discriminant__tchannel_qcd.eps>
File: figures/performance/tq_Efficiency__tchannel_qcd.eps Graphic file (type ep
s)

<figures/performance/tq_Efficiency__tchannel_qcd.eps>
File: figures/performance/tb_Discriminant__schannel_dilepton.eps Graphic file (
type eps)

<figures/performance/tb_Discriminant__schannel_dilepton.eps>
File: figures/performance/tb_Efficiency__schannel_dilepton.eps Graphic file (ty
pe eps)

<figures/performance/tb_Efficiency__schannel_dilepton.eps>
File: figures/performance/tb_Discriminant__schannel_lepjets.eps Graphic file (t
ype eps)

<figures/performance/tb_Discriminant__schannel_lepjets.eps>
File: figures/performance/tb_Efficiency__schannel_lepjets.eps Graphic file (typ
e eps)

<figures/performance/tb_Efficiency__schannel_lepjets.eps>
File: figures/performance/tq_Discriminant__tchannel_dilepton.eps Graphic file (
type eps)

<figures/performance/tq_Discriminant__tchannel_dilepton.eps>
File: figures/performance/tq_Efficiency__tchannel_dilepton.eps Graphic file (ty
pe eps)

<figures/performance/tq_Efficiency__tchannel_dilepton.eps>
File: figures/performance/tq_Discriminant__tchannel_lepjets.eps Graphic file (t
ype eps)

<figures/performance/tq_Discriminant__tchannel_lepjets.eps>
File: figures/performance/tq_Efficiency__tchannel_lepjets.eps Graphic file (typ
e eps)

<figures/performance/tq_Efficiency__tchannel_lepjets.eps> [11] [12] [13]
[14]
File: figures/performance/2D-Discriminant_schannel.eps Graphic file (type eps)
 <figures/performance/2D-Discriminant_schannel.eps>
File: figures/performance/2D-Discriminant_tchannel.eps Graphic file (type eps)

<figures/performance/2D-Discriminant_tchannel.eps>
File: figures/performance/2D-Discriminant_wbb.eps Graphic file (type eps)

<figures/performance/2D-Discriminant_wbb.eps>
File: figures/performance/2D-Discriminant_wcc.eps Graphic file (type eps)

<figures/performance/2D-Discriminant_wcc.eps>
File: figures/performance/2D-Discriminant_wjj.eps Graphic file (type eps)

<figures/performance/2D-Discriminant_wjj.eps>
File: figures/performance/2D-Discriminant_qcd.eps Graphic file (type eps)

<figures/performance/2D-Discriminant_qcd.eps>
File: figures/performance/2D-Discriminant_dilepton.eps Graphic file (type eps)

<figures/performance/2D-Discriminant_dilepton.eps>
File: figures/performance/2D-Discriminant_lepjets.eps Graphic file (type eps)

<figures/performance/2D-Discriminant_lepjets.eps>) (./DataMC.tex [15] [16]
File: figures/cross_check/combined/2jet/Wjets_tb_Discriminant.eps Graphic file 
(type eps)

<figures/cross_check/combined/2jet/Wjets_tb_Discriminant.eps>
File: figures/cross_check/combined/2jet/Wjets_tb_Discriminant_Zoom.eps Graphic 
file (type eps)

<figures/cross_check/combined/2jet/Wjets_tb_Discriminant_Zoom.eps>
File: figures/cross_check/combined/2jet/Wjets_tq_Discriminant.eps Graphic file 
(type eps)

<figures/cross_check/combined/2jet/Wjets_tq_Discriminant.eps>
File: figures/cross_check/combined/2jet/Wjets_tq_Discriminant_Zoom.eps Graphic 
file (type eps)

<figures/cross_check/combined/2jet/Wjets_tq_Discriminant_Zoom.eps>
File: figures/cross_check/combined/3jet/Wjets_tb_Discriminant.eps Graphic file 
(type eps)

<figures/cross_check/combined/3jet/Wjets_tb_Discriminant.eps>
File: figures/cross_check/combined/3jet/Wjets_tb_Discriminant_Zoom.eps Graphic 
file (type eps)

<figures/cross_check/combined/3jet/Wjets_tb_Discriminant_Zoom.eps>
File: figures/cross_check/combined/3jet/Wjets_tq_Discriminant.eps Graphic file 
(type eps)

<figures/cross_check/combined/3jet/Wjets_tq_Discriminant.eps>
File: figures/cross_check/combined/3jet/Wjets_tq_Discriminant_Zoom.eps Graphic 
file (type eps)

<figures/cross_check/combined/3jet/Wjets_tq_Discriminant_Zoom.eps>
File: figures/cross_check/combined/2jet/TTbar_tb_Discriminant.eps Graphic file 
(type eps)

<figures/cross_check/combined/2jet/TTbar_tb_Discriminant.eps>
File: figures/cross_check/combined/2jet/TTbar_tb_Discriminant_Zoom.eps Graphic 
file (type eps)

<figures/cross_check/combined/2jet/TTbar_tb_Discriminant_Zoom.eps>
File: figures/cross_check/combined/2jet/TTbar_tq_Discriminant.eps Graphic file 
(type eps)

<figures/cross_check/combined/2jet/TTbar_tq_Discriminant.eps>
File: figures/cross_check/combined/2jet/TTbar_tq_Discriminant_Zoom.eps Graphic 
file (type eps)

<figures/cross_check/combined/2jet/TTbar_tq_Discriminant_Zoom.eps>
File: figures/cross_check/combined/3jet/TTbar_tb_Discriminant.eps Graphic file 
(type eps)

<figures/cross_check/combined/3jet/TTbar_tb_Discriminant.eps>
File: figures/cross_check/combined/3jet/TTbar_tb_Discriminant_Zoom.eps Graphic 
file (type eps)

<figures/cross_check/combined/3jet/TTbar_tb_Discriminant_Zoom.eps>
File: figures/cross_check/combined/3jet/TTbar_tq_Discriminant.eps Graphic file 
(type eps)

<figures/cross_check/combined/3jet/TTbar_tq_Discriminant.eps>
File: figures/cross_check/combined/3jet/TTbar_tq_Discriminant_Zoom.eps Graphic 
file (type eps)

<figures/cross_check/combined/3jet/TTbar_tq_Discriminant_Zoom.eps>)
(./Ensembles.tex [17] [18]
File: figures/ensembles/Ensembles_Electron.eps Graphic file (type eps)
 <figures/ensembles/Ensembles_Electron.eps>
File: figures/ensembles/Ensembles_Muon.eps Graphic file (type eps)

<figures/ensembles/Ensembles_Muon.eps>
File: figures/ensembles/Ensembles.eps Graphic file (type eps)
 <figures/ensembles/Ensembles.eps>
[19]
File: figures/ensembles/EnsemblesA.eps Graphic file (type eps)
 <figures/ensembles/EnsemblesA.eps>
File: figures/ensembles/Ensembles0sig1.eps Graphic file (type eps)
 <figures/ensembles/Ensembles0sig1.eps>
File: figures/ensembles/EnsemblesC.eps Graphic file (type eps)

<figures/ensembles/EnsemblesC.eps>
File: figures/ensembles/EnsemblesD.eps Graphic file (type eps)
 <figures/ensembles/EnsemblesD.eps>
File: figures/ensembles/Ensembles4.5.eps Graphic file (type eps)

<figures/ensembles/Ensembles4.5.eps>
File: figures/ensembles/Ensembles4.7.eps Graphic file (type eps)
 <figures/ensembles/Ensembles4.7.eps>
[20]
File: figures/ensembles/ME_analysis.eps Graphic file (type eps)
 <figures/ensembles/ME_analysis.eps>) (./ExpectedPerformance.tex [21]
File: figures/posterior/nosys/expected_limit_TBTQ_LeptonsCombined_2Jet_TagsComb
ined.eps Graphic file (type eps)

<figures/posterior/nosys/expected_limit_TBTQ_LeptonsCombined_2Jet_TagsCombined.
eps>
File: figures/posterior/sys/expected_limit_TBTQ_LeptonsCombined_2Jet_TagsCombin
ed.eps Graphic file (type eps)

<figures/posterior/sys/expected_limit_TBTQ_LeptonsCombined_2Jet_TagsCombined.ep
s>
File: figures/posterior/nosys/expected_limit_TBTQ_LeptonsCombined_3Jet_TagsComb
ined.eps Graphic file (type eps)

<figures/posterior/nosys/expected_limit_TBTQ_LeptonsCombined_3Jet_TagsCombined.
eps>
File: figures/posterior/sys/expected_limit_TBTQ_LeptonsCombined_3Jet_TagsCombin
ed.eps Graphic file (type eps)

<figures/posterior/sys/expected_limit_TBTQ_LeptonsCombined_3Jet_TagsCombined.ep
s>
File: figures/posterior/nosys/expected_limit_TBTQ_LeptonsCombined_JetsCombined_
TagsCombined.eps Graphic file (type eps)

<figures/posterior/nosys/expected_limit_TBTQ_LeptonsCombined_JetsCombined_TagsC
ombined.eps>
File: figures/posterior/sys/expected_limit_TBTQ_LeptonsCombined_JetsCombined_Ta
gsCombined.eps Graphic file (type eps)

<figures/posterior/sys/expected_limit_TBTQ_LeptonsCombined_JetsCombined_TagsCom
bined.eps> [22]) (./Results.tex [23]
File: figures/output/2jet/All_tb_Discriminant.eps Graphic file (type eps)

<figures/output/2jet/All_tb_Discriminant.eps>
File: figures/output/2jet/All_tb_Discriminant_Zoom.eps Graphic file (type eps)

<figures/output/2jet/All_tb_Discriminant_Zoom.eps>
File: figures/output/2jet/All_tq_Discriminant.eps Graphic file (type eps)

<figures/output/2jet/All_tq_Discriminant.eps>
File: figures/output/2jet/All_tq_Discriminant_Zoom.eps Graphic file (type eps)

<figures/output/2jet/All_tq_Discriminant_Zoom.eps>
File: figures/output/3jet/All_tb_Discriminant.eps Graphic file (type eps)

<figures/output/3jet/All_tb_Discriminant.eps>
File: figures/output/3jet/All_tb_Discriminant_Zoom.eps Graphic file (type eps)

<figures/output/3jet/All_tb_Discriminant_Zoom.eps>
File: figures/output/3jet/All_tq_Discriminant.eps Graphic file (type eps)

<figures/output/3jet/All_tq_Discriminant.eps>
File: figures/output/3jet/All_tq_Discriminant_Zoom.eps Graphic file (type eps)

<figures/output/3jet/All_tq_Discriminant_Zoom.eps> [24]
File: figures/performance/2D-Discriminant_data_2jet.eps Graphic file (type eps)


<figures/performance/2D-Discriminant_data_2jet.eps>
File: figures/performance/2D-Discriminant_data_3jet.eps Graphic file (type eps)


<figures/performance/2D-Discriminant_data_3jet.eps>
File: figures/posterior/nosys/limit_TBTQ_LeptonsCombined_JetsCombined_TagsCombi
ned.eps Graphic file (type eps)

<figures/posterior/nosys/limit_TBTQ_LeptonsCombined_JetsCombined_TagsCombined.e
ps>
File: figures/posterior/sys/limit_TBTQ_LeptonsCombined_JetsCombined_TagsCombine
d.eps Graphic file (type eps)

<figures/posterior/sys/limit_TBTQ_LeptonsCombined_JetsCombined_TagsCombined.eps
> [25]
Underfull \hbox (badness 10000) in paragraph at lines 202--202
[]\OT1/cmr/m/n/9 TABLE 9: Contri-bution of each systematic
 []


Underfull \hbox (badness 4181) in paragraph at lines 202--202
\OT1/cmr/m/n/9 uncertainty to the total systematic uncertainty
 []

File: figures/sintop_xsec_summary.eps Graphic file (type eps)
<figures/sintop_xsec_summary.eps> [26]
File: figures/ensembles/EnsemblesZero.eps Graphic file (type eps)
 <figures/ensembles/EnsemblesZero.eps>
[27]
File: figures/topovars/BTaggedTopMass_0.eps Graphic file (type eps)
 <figures/topovars/BTaggedTopMass_0.eps>
File: figures/topovars/BTaggedTopMass_-0.4.eps Graphic file (type eps)

<figures/topovars/BTaggedTopMass_-0.4.eps>
File: figures/topovars/BTaggedTopMass_0.7.eps Graphic file (type eps)

<figures/topovars/BTaggedTopMass_0.7.eps>
File: figures/topovars/QTimesEta_0.eps Graphic file (type eps)
 <figures/topovars/QTimesEta_0.eps>
File: figures/topovars/QTimesEta_-0.4.eps Graphic file (type eps)

<figures/topovars/QTimesEta_-0.4.eps>
File: figures/topovars/QTimesEta_0.7.eps Graphic file (type eps)
 <figures/topovars/QTimesEta_0.7.eps>)
(./Summary.tex [28]) [29] (./FullDerivation.tex [30] [31] [32] [33])
(./Channel.tex [34]
File: figures/output/electron_2_1/All_tb_Discriminant.eps Graphic file (type ep
s)
 <figures/output/electron_2_1/All_tb_Discriminant.eps>
File: figures/output/electron_2_1/All_tb_Discriminant_Zoom.eps Graphic file (ty
pe eps)

<figures/output/electron_2_1/All_tb_Discriminant_Zoom.eps>
File: figures/output/electron_2_1/All_tq_Discriminant.eps Graphic file (type ep
s)

<figures/output/electron_2_1/All_tq_Discriminant.eps>
File: figures/output/electron_2_1/All_tq_Discriminant_Zoom.eps Graphic file (ty
pe eps)

<figures/output/electron_2_1/All_tq_Discriminant_Zoom.eps>
File: figures/output/electron_2_2/All_tb_Discriminant.eps Graphic file (type ep
s)

<figures/output/electron_2_2/All_tb_Discriminant.eps>
File: figures/output/electron_2_2/All_tb_Discriminant_Zoom.eps Graphic file (ty
pe eps)

<figures/output/electron_2_2/All_tb_Discriminant_Zoom.eps>
File: figures/output/electron_2_2/All_tq_Discriminant.eps Graphic file (type ep
s)

<figures/output/electron_2_2/All_tq_Discriminant.eps>
File: figures/output/electron_2_2/All_tq_Discriminant_Zoom.eps Graphic file (ty
pe eps)

<figures/output/electron_2_2/All_tq_Discriminant_Zoom.eps> [35]
File: figures/output/muon_2_1/All_tb_Discriminant.eps Graphic file (type eps)

<figures/output/muon_2_1/All_tb_Discriminant.eps>
File: figures/output/muon_2_1/All_tb_Discriminant_Zoom.eps Graphic file (type e
ps)

<figures/output/muon_2_1/All_tb_Discriminant_Zoom.eps>
File: figures/output/muon_2_1/All_tq_Discriminant.eps Graphic file (type eps)

<figures/output/muon_2_1/All_tq_Discriminant.eps>
File: figures/output/muon_2_1/All_tq_Discriminant_Zoom.eps Graphic file (type e
ps)

<figures/output/muon_2_1/All_tq_Discriminant_Zoom.eps>
File: figures/output/muon_2_2/All_tb_Discriminant.eps Graphic file (type eps)

<figures/output/muon_2_2/All_tb_Discriminant.eps>
File: figures/output/muon_2_2/All_tb_Discriminant_Zoom.eps Graphic file (type e
ps)

<figures/output/muon_2_2/All_tb_Discriminant_Zoom.eps>
File: figures/output/muon_2_2/All_tq_Discriminant.eps Graphic file (type eps)

<figures/output/muon_2_2/All_tq_Discriminant.eps>
File: figures/output/muon_2_2/All_tq_Discriminant_Zoom.eps Graphic file (type e
ps)

<figures/output/muon_2_2/All_tq_Discriminant_Zoom.eps> [36]
File: figures/output/electron_3_1/All_tb_Discriminant.eps Graphic file (type ep
s)

<figures/output/electron_3_1/All_tb_Discriminant.eps>
File: figures/output/electron_3_1/All_tb_Discriminant_Zoom.eps Graphic file (ty
pe eps)

<figures/output/electron_3_1/All_tb_Discriminant_Zoom.eps>
File: figures/output/electron_3_1/All_tq_Discriminant.eps Graphic file (type ep
s)

<figures/output/electron_3_1/All_tq_Discriminant.eps>
File: figures/output/electron_3_1/All_tq_Discriminant_Zoom.eps Graphic file (ty
pe eps)

<figures/output/electron_3_1/All_tq_Discriminant_Zoom.eps>
File: figures/output/electron_3_2/All_tb_Discriminant.eps Graphic file (type ep
s)

<figures/output/electron_3_2/All_tb_Discriminant.eps>
File: figures/output/electron_3_2/All_tb_Discriminant_Zoom.eps Graphic file (ty
pe eps)

<figures/output/electron_3_2/All_tb_Discriminant_Zoom.eps>
File: figures/output/electron_3_2/All_tq_Discriminant.eps Graphic file (type ep
s)

<figures/output/electron_3_2/All_tq_Discriminant.eps>
File: figures/output/electron_3_2/All_tq_Discriminant_Zoom.eps Graphic file (ty
pe eps)

<figures/output/electron_3_2/All_tq_Discriminant_Zoom.eps> [37]
File: figures/output/muon_3_1/All_tb_Discriminant.eps Graphic file (type eps)

<figures/output/muon_3_1/All_tb_Discriminant.eps>
File: figures/output/muon_3_1/All_tb_Discriminant_Zoom.eps Graphic file (type e
ps)

<figures/output/muon_3_1/All_tb_Discriminant_Zoom.eps>
File: figures/output/muon_3_1/All_tq_Discriminant.eps Graphic file (type eps)

<figures/output/muon_3_1/All_tq_Discriminant.eps>
File: figures/output/muon_3_1/All_tq_Discriminant_Zoom.eps Graphic file (type e
ps)

<figures/output/muon_3_1/All_tq_Discriminant_Zoom.eps>
File: figures/output/muon_3_2/All_tb_Discriminant.eps Graphic file (type eps)

<figures/output/muon_3_2/All_tb_Discriminant.eps>
File: figures/output/muon_3_2/All_tb_Discriminant_Zoom.eps Graphic file (type e
ps)

<figures/output/muon_3_2/All_tb_Discriminant_Zoom.eps>
File: figures/output/muon_3_2/All_tq_Discriminant.eps Graphic file (type eps)

<figures/output/muon_3_2/All_tq_Discriminant.eps>
File: figures/output/muon_3_2/All_tq_Discriminant_Zoom.eps Graphic file (type e
ps)

<figures/output/muon_3_2/All_tq_Discriminant_Zoom.eps>) (./Integration.tex
[38] [39] [40] [41] [42] [43] [44] [45]) [46] [47] (./me_note.aux)

LaTeX Font Warning: Some font shapes were not available, defaults substituted.

 ) 
Here is how much of TeX's memory you used:
 3155 strings out of 95138
 46285 string characters out of 1183036
 2089125 words of memory out of 4543960
 6174 multiletter control sequences out of 10000+50000
 11826 words of font info for 41 fonts, out of 2000000 for 2000
 58 hyphenation exceptions out of 5000
 25i,14n,24p,417b,463s stack positions out of 5000i,500n,6000p,200000b,40000s

Output written on me_note.dvi (47 pages, 165580 bytes).
